<?xml version="1.0" encoding="UTF-8"?>
<!-- Generated by org.testng.reporters.JUnitReportReporter -->
<testsuite hostname="DESKTOP-0QVUMA9" failures="0" tests="1" name="driverFactory.AppTest" time="110.561" errors="0" timestamp="2024-05-25T16:23:25 IST" skipped="0">
  <testcase classname="driverFactory.AppTest" name="kickstart" time="110.561"/>
  <system-out/>
</testsuite> <!-- driverFactory.AppTest -->
